<?xml version="1.0" encoding="UTF-8"?>
<testng-results ignored="0" total="1" passed="1" failed="0" skipped="0">
  <reporter-output>
  </reporter-output>
  <suite started-at="2023-11-04T11:51:38 IST" name="Default suite" finished-at="2023-11-04T11:51:55 IST" duration-ms="17094">
    <groups>
    </groups>
    <test started-at="2023-11-04T11:51:38 IST" name="Default test" finished-at="2023-11-04T11:51:55 IST" duration-ms="17094">
      <class name="login.DWS_Jewelry_08_Test">
        <test-method is-config="true" signature="launchingBrowsernavigateToApplication()[pri:0, instance:login.DWS_Jewelry_08_Test@5386659f]" started-at="2023-11-04T11:51:38 IST" name="launchingBrowsernavigateToApplication" finished-at="2023-11-04T11:51:47 IST" duration-ms="8857" status="PASS">
          <reporter-output>
          </reporter-output>
        </test-method> <!-- launchingBrowsernavigateToApplication -->
        <test-method is-config="true" signature="loginToApplication()[pri:0, instance:login.DWS_Jewelry_08_Test@5386659f]" started-at="2023-11-04T11:51:47 IST" name="loginToApplication" finished-at="2023-11-04T11:51:48 IST" duration-ms="319" status="PASS">
          <reporter-output>
          </reporter-output>
        </test-method> <!-- loginToApplication -->
        <test-method signature="Email_a_friend_and_check_the_error_message()[pri:0, instance:login.DWS_Jewelry_08_Test@5386659f]" started-at="2023-11-04T11:51:48 IST" name="Email_a_friend_and_check_the_error_message" finished-at="2023-11-04T11:51:54 IST" duration-ms="5986" status="PASS">
          <reporter-output>
          </reporter-output>
        </test-method> <!-- Email_a_friend_and_check_the_error_message -->
        <test-method is-config="true" signature="logoutFromApplication()[pri:0, instance:login.DWS_Jewelry_08_Test@5386659f]" started-at="2023-11-04T11:51:54 IST" name="logoutFromApplication" finished-at="2023-11-04T11:51:54 IST" duration-ms="6" status="PASS">
          <reporter-output>
          </reporter-output>
        </test-method> <!-- logoutFromApplication -->
        <test-method is-config="true" signature="closingTheServer()[pri:0, instance:login.DWS_Jewelry_08_Test@5386659f]" started-at="2023-11-04T11:51:54 IST" name="closingTheServer" finished-at="2023-11-04T11:51:55 IST" duration-ms="1127" status="PASS">
          <reporter-output>
          </reporter-output>
        </test-method> <!-- closingTheServer -->
      </class> <!-- login.DWS_Jewelry_08_Test -->
    </test> <!-- Default test -->
  </suite> <!-- Default suite -->
</testng-results>
